e:\works\giaotrinh\dhmtcdio\thuchanh_yen\thuchanh2020\baithso5\baithso5_1_project_robotarmwithoutstack\glslexperiment\debug\vc141.pdb
e:\works\giaotrinh\dhmtcdio\thuchanh_yen\thuchanh2020\baithso5\baithso5_1_project_robotarmwithoutstack\glslexperiment\debug\vc141.idb
e:\works\giaotrinh\dhmtcdio\thuchanh_yen\thuchanh2020\baithso5\baithso5_1_project_robotarmwithoutstack\glslexperiment\debug\robot_arm.obj
e:\works\giaotrinh\dhmtcdio\thuchanh_yen\thuchanh2020\baithso5\baithso5_1_project_robotarmwithoutstack\glslexperiment\debug\initshader.obj
e:\works\giaotrinh\dhmtcdio\thuchanh_yen\thuchanh2020\baithso5\baithso5_1_project_robotarmwithoutstack\debug\glslexperiment_robotarm.exe
e:\works\giaotrinh\dhmtcdio\thuchanh_yen\thuchanh2020\baithso5\baithso5_1_project_robotarmwithoutstack\debug\glslexperiment_robotarm.ilk
e:\works\giaotrinh\dhmtcdio\thuchanh_yen\thuchanh2020\baithso5\baithso5_1_project_robotarmwithoutstack\debug\glslexperiment_robotarm.pdb
d:\đồ họa máy tính\baithso5_1_project_robotarmwithoutstack\glslexperiment\debug\example1.obj
d:\đồ họa máy tính\baithso5_1_project_robotarmwithoutstack\glslexperiment\debug\initshader.obj
d:\đồ họa máy tính\baithso5_1_project_robotarmwithoutstack\glslexperiment\debug\robot_arm.obj
d:\đồ họa máy tính\baithso5_1_project_robotarmwithoutstack\glslexperiment\debug\vc140.idb
d:\đồ họa máy tính\baithso5_1_project_robotarmwithoutstack\glslexperiment\debug\vc141.idb
d:\đồ họa máy tính\baithso5_1_project_robotarmwithoutstack\glslexperiment\debug\vc140.pdb
d:\đồ họa máy tính\baithso5_1_project_robotarmwithoutstack\glslexperiment\debug\vc141.pdb
d:\đồ họa máy tính\baithso5_1_project_robotarmwithoutstack\debug\glslexperiment_robotarm.pdb
d:\đồ họa máy tính\baithso5_1_project_robotarmwithoutstack\debug\glslexperiment_robotarm.exe
d:\đồ họa máy tính\baithso5_1_project_robotarmwithoutstack\debug\glslexperiment_robotarm.ilk
d:\đồ họa máy tính\baithso5_1_project_robotarmwithoutstack\glslexperiment\debug\glslexpe.1654a1cc.tlog\cl.command.1.tlog
d:\đồ họa máy tính\baithso5_1_project_robotarmwithoutstack\glslexperiment\debug\glslexpe.1654a1cc.tlog\cl.read.1.tlog
d:\đồ họa máy tính\baithso5_1_project_robotarmwithoutstack\glslexperiment\debug\glslexpe.1654a1cc.tlog\cl.write.1.tlog
d:\đồ họa máy tính\baithso5_1_project_robotarmwithoutstack\glslexperiment\debug\glslexpe.1654a1cc.tlog\link.command.1.tlog
d:\đồ họa máy tính\baithso5_1_project_robotarmwithoutstack\glslexperiment\debug\glslexpe.1654a1cc.tlog\link.read.1.tlog
d:\đồ họa máy tính\baithso5_1_project_robotarmwithoutstack\glslexperiment\debug\glslexpe.1654a1cc.tlog\link.write.1.tlog
