cl : Command line warning D9035: option 'Gm' has been deprecated and will be removed in a future release
  example1.cpp
d:\đồ họa máy tính\baithso5_2_robotarm_stack\glslexperiment\mat.h(581): warning C4566: character represented by universal-character-name '\u0111' cannot be represented in the current code page (1252)
d:\đồ họa máy tính\baithso5_2_robotarm_stack\glslexperiment\mat.h(581): warning C4566: character represented by universal-character-name '\u1ED3' cannot be represented in the current code page (1252)
d:\đồ họa máy tính\baithso5_2_robotarm_stack\glslexperiment\mat.h(581): warning C4566: character represented by universal-character-name '\u1ECD' cannot be represented in the current code page (1252)
d:\đồ họa máy tính\baithso5_2_robotarm_stack\glslexperiment\mat.h(770): warning C4566: character represented by universal-character-name '\u0111' cannot be represented in the current code page (1252)
d:\đồ họa máy tính\baithso5_2_robotarm_stack\glslexperiment\mat.h(770): warning C4566: character represented by universal-character-name '\u1ED3' cannot be represented in the current code page (1252)
d:\đồ họa máy tính\baithso5_2_robotarm_stack\glslexperiment\mat.h(770): warning C4566: character represented by universal-character-name '\u1ECD' cannot be represented in the current code page (1252)
d:\đồ họa máy tính\baithso5_2_robotarm_stack\glslexperiment\mat.h(777): warning C4566: character represented by universal-character-name '\u0111' cannot be represented in the current code page (1252)
d:\đồ họa máy tính\baithso5_2_robotarm_stack\glslexperiment\mat.h(777): warning C4566: character represented by universal-character-name '\u1ED3' cannot be represented in the current code page (1252)
d:\đồ họa máy tính\baithso5_2_robotarm_stack\glslexperiment\mat.h(777): warning C4566: character represented by universal-character-name '\u1ECD' cannot be represented in the current code page (1252)
d:\đồ họa máy tính\baithso5_2_robotarm_stack\glslexperiment\mat.h(784): warning C4566: character represented by universal-character-name '\u0111' cannot be represented in the current code page (1252)
d:\đồ họa máy tính\baithso5_2_robotarm_stack\glslexperiment\mat.h(784): warning C4566: character represented by universal-character-name '\u1ED3' cannot be represented in the current code page (1252)
d:\đồ họa máy tính\baithso5_2_robotarm_stack\glslexperiment\mat.h(784): warning C4566: character represented by universal-character-name '\u1ECD' cannot be represented in the current code page (1252)
d:\đồ họa máy tính\baithso5_2_robotarm_stack\glslexperiment\example1.cpp(132): warning C4244: 'argument': conversion from 'double' to 'const GLfloat', possible loss of data
d:\đồ họa máy tính\baithso5_2_robotarm_stack\glslexperiment\example1.cpp(132): warning C4244: 'argument': conversion from 'GLdouble' to 'const GLfloat', possible loss of data
d:\đồ họa máy tính\baithso5_2_robotarm_stack\glslexperiment\example1.cpp(143): warning C4244: 'argument': conversion from 'double' to 'const GLfloat', possible loss of data
d:\đồ họa máy tính\baithso5_2_robotarm_stack\glslexperiment\example1.cpp(144): warning C4244: 'argument': conversion from 'GLdouble' to 'const GLfloat', possible loss of data
d:\đồ họa máy tính\baithso5_2_robotarm_stack\glslexperiment\example1.cpp(154): warning C4244: 'argument': conversion from 'double' to 'const GLfloat', possible loss of data
d:\đồ họa máy tính\baithso5_2_robotarm_stack\glslexperiment\example1.cpp(155): warning C4244: 'argument': conversion from 'GLdouble' to 'const GLfloat', possible loss of data
d:\đồ họa máy tính\baithso5_2_robotarm_stack\glslexperiment\example1.cpp(191): warning C4244: 'argument': conversion from 'GLdouble' to 'const GLfloat', possible loss of data
d:\đồ họa máy tính\baithso5_2_robotarm_stack\glslexperiment\example1.cpp(193): warning C4244: 'argument': conversion from 'GLdouble' to 'const GLfloat', possible loss of data
example1.obj : warning LNK4075: ignoring '/EDITANDCONTINUE' due to '/SAFESEH' specification
  GLSLExperiment.vcxproj -> D:\Đồ họa máy tính\BaiTHso5_2_RobotArm_stack\Debug\GLSLExperiment.exe
