  main.cpp
d:\đồ họa máy tính\mo_phong_tro_dua_xe\opengl\mat.h(581): warning C4566: character represented by universal-character-name '\u0111' cannot be represented in the current code page (1252)
d:\đồ họa máy tính\mo_phong_tro_dua_xe\opengl\mat.h(581): warning C4566: character represented by universal-character-name '\u1ED3' cannot be represented in the current code page (1252)
d:\đồ họa máy tính\mo_phong_tro_dua_xe\opengl\mat.h(581): warning C4566: character represented by universal-character-name '\u1ECD' cannot be represented in the current code page (1252)
d:\đồ họa máy tính\mo_phong_tro_dua_xe\opengl\mat.h(770): warning C4566: character represented by universal-character-name '\u0111' cannot be represented in the current code page (1252)
d:\đồ họa máy tính\mo_phong_tro_dua_xe\opengl\mat.h(770): warning C4566: character represented by universal-character-name '\u1ED3' cannot be represented in the current code page (1252)
d:\đồ họa máy tính\mo_phong_tro_dua_xe\opengl\mat.h(770): warning C4566: character represented by universal-character-name '\u1ECD' cannot be represented in the current code page (1252)
d:\đồ họa máy tính\mo_phong_tro_dua_xe\opengl\mat.h(777): warning C4566: character represented by universal-character-name '\u0111' cannot be represented in the current code page (1252)
d:\đồ họa máy tính\mo_phong_tro_dua_xe\opengl\mat.h(777): warning C4566: character represented by universal-character-name '\u1ED3' cannot be represented in the current code page (1252)
d:\đồ họa máy tính\mo_phong_tro_dua_xe\opengl\mat.h(777): warning C4566: character represented by universal-character-name '\u1ECD' cannot be represented in the current code page (1252)
d:\đồ họa máy tính\mo_phong_tro_dua_xe\opengl\mat.h(784): warning C4566: character represented by universal-character-name '\u0111' cannot be represented in the current code page (1252)
d:\đồ họa máy tính\mo_phong_tro_dua_xe\opengl\mat.h(784): warning C4566: character represented by universal-character-name '\u1ED3' cannot be represented in the current code page (1252)
d:\đồ họa máy tính\mo_phong_tro_dua_xe\opengl\mat.h(784): warning C4566: character represented by universal-character-name '\u1ECD' cannot be represented in the current code page (1252)
d:\đồ họa máy tính\mo_phong_tro_dua_xe\opengl\main.cpp(157): warning C4305: 'argument': truncation from 'double' to 'float'
d:\đồ họa máy tính\mo_phong_tro_dua_xe\opengl\main.cpp(157): warning C4244: 'argument': conversion from 'int' to 'float', possible loss of data
d:\đồ họa máy tính\mo_phong_tro_dua_xe\opengl\main.cpp(170): warning C4305: 'argument': truncation from 'double' to 'float'
d:\đồ họa máy tính\mo_phong_tro_dua_xe\opengl\main.cpp(171): warning C4305: 'argument': truncation from 'double' to 'float'
d:\đồ họa máy tính\mo_phong_tro_dua_xe\opengl\main.cpp(173): warning C4305: 'argument': truncation from 'double' to 'float'
d:\đồ họa máy tính\mo_phong_tro_dua_xe\opengl\main.cpp(173): warning C4244: 'argument': conversion from 'int' to 'float', possible loss of data
d:\đồ họa máy tính\mo_phong_tro_dua_xe\opengl\main.cpp(176): warning C4305: 'argument': truncation from 'double' to 'float'
d:\đồ họa máy tính\mo_phong_tro_dua_xe\opengl\main.cpp(176): warning C4244: 'argument': conversion from 'int' to 'float', possible loss of data
d:\đồ họa máy tính\mo_phong_tro_dua_xe\opengl\main.cpp(179): warning C4305: 'argument': truncation from 'double' to 'float'
d:\đồ họa máy tính\mo_phong_tro_dua_xe\opengl\main.cpp(180): warning C4305: 'argument': truncation from 'double' to 'float'
d:\đồ họa máy tính\mo_phong_tro_dua_xe\opengl\main.cpp(182): warning C4305: 'argument': truncation from 'double' to 'float'
d:\đồ họa máy tính\mo_phong_tro_dua_xe\opengl\main.cpp(182): warning C4244: 'argument': conversion from 'int' to 'float', possible loss of data
d:\đồ họa máy tính\mo_phong_tro_dua_xe\opengl\main.cpp(186): warning C4305: 'argument': truncation from 'double' to 'float'
d:\đồ họa máy tính\mo_phong_tro_dua_xe\opengl\main.cpp(186): warning C4244: 'argument': conversion from 'int' to 'float', possible loss of data
d:\đồ họa máy tính\mo_phong_tro_dua_xe\opengl\main.cpp(193): warning C4305: 'argument': truncation from 'double' to 'float'
d:\đồ họa máy tính\mo_phong_tro_dua_xe\opengl\main.cpp(195): warning C4305: 'argument': truncation from 'double' to 'float'
d:\đồ họa máy tính\mo_phong_tro_dua_xe\opengl\main.cpp(196): warning C4305: 'argument': truncation from 'double' to 'float'
d:\đồ họa máy tính\mo_phong_tro_dua_xe\opengl\main.cpp(198): warning C4305: 'argument': truncation from 'double' to 'float'
d:\đồ họa máy tính\mo_phong_tro_dua_xe\opengl\main.cpp(199): warning C4305: 'argument': truncation from 'double' to 'float'
d:\đồ họa máy tính\mo_phong_tro_dua_xe\opengl\main.cpp(201): warning C4305: 'argument': truncation from 'double' to 'float'
d:\đồ họa máy tính\mo_phong_tro_dua_xe\opengl\main.cpp(202): warning C4305: 'argument': truncation from 'double' to 'float'
d:\đồ họa máy tính\mo_phong_tro_dua_xe\opengl\main.cpp(208): warning C4305: 'argument': truncation from 'double' to 'float'
d:\đồ họa máy tính\mo_phong_tro_dua_xe\opengl\main.cpp(208): warning C4244: 'argument': conversion from 'double' to 'float', possible loss of data
d:\đồ họa máy tính\mo_phong_tro_dua_xe\opengl\main.cpp(209): warning C4305: 'argument': truncation from 'double' to 'float'
d:\đồ họa máy tính\mo_phong_tro_dua_xe\opengl\main.cpp(209): warning C4244: 'argument': conversion from 'double' to 'float', possible loss of data
d:\đồ họa máy tính\mo_phong_tro_dua_xe\opengl\main.cpp(212): warning C4305: 'argument': truncation from 'double' to 'float'
d:\đồ họa máy tính\mo_phong_tro_dua_xe\opengl\main.cpp(212): warning C4244: 'argument': conversion from 'double' to 'float', possible loss of data
d:\đồ họa máy tính\mo_phong_tro_dua_xe\opengl\main.cpp(215): warning C4305: 'argument': truncation from 'double' to 'float'
d:\đồ họa máy tính\mo_phong_tro_dua_xe\opengl\main.cpp(215): warning C4244: 'argument': conversion from 'double' to 'float', possible loss of data
d:\đồ họa máy tính\mo_phong_tro_dua_xe\opengl\main.cpp(216): warning C4305: 'argument': truncation from 'double' to 'float'
d:\đồ họa máy tính\mo_phong_tro_dua_xe\opengl\main.cpp(216): warning C4244: 'argument': conversion from 'double' to 'float', possible loss of data
d:\đồ họa máy tính\mo_phong_tro_dua_xe\opengl\main.cpp(219): warning C4305: 'argument': truncation from 'double' to 'float'
d:\đồ họa máy tính\mo_phong_tro_dua_xe\opengl\main.cpp(219): warning C4244: 'argument': conversion from 'double' to 'float', possible loss of data
d:\đồ họa máy tính\mo_phong_tro_dua_xe\opengl\main.cpp(222): warning C4244: 'argument': conversion from 'double' to 'float', possible loss of data
d:\đồ họa máy tính\mo_phong_tro_dua_xe\opengl\main.cpp(222): warning C4305: 'argument': truncation from 'double' to 'float'
d:\đồ họa máy tính\mo_phong_tro_dua_xe\opengl\main.cpp(223): warning C4244: 'argument': conversion from 'double' to 'float', possible loss of data
d:\đồ họa máy tính\mo_phong_tro_dua_xe\opengl\main.cpp(223): warning C4305: 'argument': truncation from 'double' to 'float'
d:\đồ họa máy tính\mo_phong_tro_dua_xe\opengl\main.cpp(224): warning C4244: 'argument': conversion from 'double' to 'float', possible loss of data
d:\đồ họa máy tính\mo_phong_tro_dua_xe\opengl\main.cpp(224): warning C4305: 'argument': truncation from 'double' to 'float'
d:\đồ họa máy tính\mo_phong_tro_dua_xe\opengl\main.cpp(225): warning C4244: 'argument': conversion from 'double' to 'float', possible loss of data
d:\đồ họa máy tính\mo_phong_tro_dua_xe\opengl\main.cpp(225): warning C4305: 'argument': truncation from 'double' to 'float'
d:\đồ họa máy tính\mo_phong_tro_dua_xe\opengl\main.cpp(232): warning C4244: 'argument': conversion from 'double' to 'GLfloat', possible loss of data
d:\đồ họa máy tính\mo_phong_tro_dua_xe\opengl\main.cpp(233): warning C4244: 'argument': conversion from 'double' to 'GLfloat', possible loss of data
  OpenGL.vcxproj -> D:\Đồ họa máy tính\Mo_phong_tro_dua_xe\Debug\OpenGL.exe
